#
# There is insufficient memory for the Java Runtime Environment to continue.
# Native memory allocation (malloc) failed to allocate 1048576 bytes for AllocateHeap
# Possible reasons:
#   The system is out of physical RAM or swap space
#   In 32 bit mode, the process size limit was hit
# Possible solutions:
#   Reduce memory load on the system
#   Increase physical memory or swap space
#   Check if swap backing store is full
#   Use 64 bit Java on a 64 bit OS
#   Decrease Java heap size (-Xmx/-Xms)
#   Decrease number of Java threads
#   Decrease Java thread stack sizes (-Xss)
#   Set larger code cache with -XX:ReservedCodeCacheSize=
# This output file may be truncated or incomplete.
#
#  Out of Memory Error (memory/allocation.inline.hpp:61), pid=2216, tid=0x0000000000001240
#
# JRE version:  (8.0_161-b12) (build )
# Java VM: Java HotSpot(TM) 64-Bit Server VM (25.161-b12 mixed mode windows-amd64 compressed oops)
# Failed to write core dump. Minidumps are not enabled by default on client versions of Windows
#

---------------  T H R E A D  ---------------

Current thread (0x00000000045db000):  JavaThread "Unknown thread" [_thread_in_vm, id=4672, stack(0x0000000004490000,0x0000000004590000)]

Stack: [0x0000000004490000,0x0000000004590000]
[error occurred during error reporting (printing stack bounds), id 0xc0000005]

Native frames: (J=compiled Java code, j=interpreted, Vv=VM code, C=native code)


---------------  P R O C E S S  ---------------

Java Threads: ( => current thread )

Other Threads:

=>0x00000000045db000 (exited) JavaThread "Unknown thread" [_thread_in_vm, id=4672, stack(0x0000000004490000,0x0000000004590000)]

VM state:not at safepoint (normal execution)

VM Mutex/Monitor currently owned by a thread: None

Heap:
 PSYoungGen      total 18944K, used 327K [0x00000000feb00000, 0x0000000100000000, 0x0000000100000000)
  eden space 16384K, 2% used [0x00000000feb00000,0x00000000feb51ec8,0x00000000ffb00000)
  from space 2560K, 0% used [0x00000000ffd80000,0x00000000ffd80000,0x0000000100000000)
  to   space 2560K, 0% used [0x00000000ffb00000,0x00000000ffb00000,0x00000000ffd80000)
 ParOldGen       total 44032K, used 0K [0x00000000fc000000, 0x00000000feb00000, 0x00000000feb00000)
  object space 44032K, 0% used [0x00000000fc000000,0x00000000fc000000,0x00000000feb00000)
 Metaspace       used 770K, capacity 4480K, committed 4480K, reserved 1056768K
  class space    used 75K, capacity 384K, committed 384K, reserved 1048576K

Card table byte_map: [0x0000000002b40000,0x0000000002b70000] byte_map_base: 0x0000000002360000

Marking Bits: (ParMarkBitMap*) 0x0000000052f9f860
 Begin Bits: [0x0000000013e90000, 0x0000000013f90000)
 End Bits:   [0x0000000013f90000, 0x0000000014090000)

Polling page: 0x0000000002a00000

CodeCache: size=245760Kb used=328Kb max_used=328Kb free=245431Kb
 bounds [0x00000000046d0000, 0x0000000004940000, 0x00000000136d0000]
 total_blobs=58 nmethods=0 adapters=38
 compilation: enabled

Compilation events (0 events):
No events

GC Heap History (0 events):
No events

Deoptimization events (0 events):
No events

Classes redefined (0 events):
No events

Internal exceptions (0 events):
No events

Events (10 events):
Event: 0.022 loading class java/lang/Short
Event: 0.022 loading class java/lang/Short done
Event: 0.022 loading class java/lang/Integer
Event: 0.022 loading class java/lang/Integer done
Event: 0.022 loading class java/lang/Long
Event: 0.022 loading class java/lang/Long done
Event: 0.022 loading class java/lang/NullPointerException
Event: 0.022 loading class java/lang/NullPointerException done
Event: 0.022 loading class java/lang/ArithmeticException
Event: 0.022 loading class java/lang/ArithmeticException done


Dynamic libraries:
0x00007ff78f6d0000 - 0x00007ff78f707000 	C:\Program Files\Java\jdk1.8.0_161\jre\bin\java.exe
0x00007ffadf360000 - 0x00007ffadf540000 	C:\Windows\SYSTEM32\ntdll.dll
0x00007ffad5ba0000 - 0x00007ffad5bb4000 	C:\Program Files\AVAST Software\Avast\aswhook.dll
0x00007ffade4a0000 - 0x00007ffade54e000 	C:\Windows\System32\KERNEL32.DLL
0x00007ffadc3d0000 - 0x00007ffadc636000 	C:\Windows\System32\KERNELBASE.dll
0x00007ffadc900000 - 0x00007ffadc9a1000 	C:\Windows\System32\ADVAPI32.dll
0x00007ffadc850000 - 0x00007ffadc8ed000 	C:\Windows\System32\msvcrt.dll
0x00007ffadf0c0000 - 0x00007ffadf11b000 	C:\Windows\System32\sechost.dll
0x00007ffade0f0000 - 0x00007ffade20f000 	C:\Windows\System32\RPCRT4.dll
0x00007ffadef30000 - 0x00007ffadf0bf000 	C:\Windows\System32\USER32.dll
0x00007ffadbbe0000 - 0x00007ffadbc00000 	C:\Windows\System32\win32u.dll
0x00007ffadcc60000 - 0x00007ffadcc88000 	C:\Windows\System32\GDI32.dll
0x00007ffadc640000 - 0x00007ffadc7d3000 	C:\Windows\System32\gdi32full.dll
0x00007ffadba30000 - 0x00007ffadbacb000 	C:\Windows\System32\msvcp_win.dll
0x00007ffadb760000 - 0x00007ffadb856000 	C:\Windows\System32\ucrtbase.dll
0x00007ffad14a0000 - 0x00007ffad1709000 	C:\Windows\WinSxS\amd64_microsoft.windows.common-controls_6595b64144ccf1df_6.0.16299.248_none_15ced204935f55d7\COMCTL32.dll
0x00007ffadeae0000 - 0x00007ffadede8000 	C:\Windows\System32\combase.dll
0x00007ffadc350000 - 0x00007ffadc3c2000 	C:\Windows\System32\bcryptPrimitives.dll
0x00007ffadedf0000 - 0x00007ffadee1d000 	C:\Windows\System32\IMM32.DLL
0x0000000053020000 - 0x00000000530f2000 	C:\Program Files\Java\jdk1.8.0_161\jre\bin\msvcr100.dll
0x0000000052780000 - 0x000000005301f000 	C:\Program Files\Java\jdk1.8.0_161\jre\bin\server\jvm.dll
0x00007ffadc840000 - 0x00007ffadc848000 	C:\Windows\System32\PSAPI.DLL
0x00007ffaccc00000 - 0x00007ffaccc09000 	C:\Windows\SYSTEM32\WSOCK32.dll
0x00007ffade620000 - 0x00007ffade68c000 	C:\Windows\System32\WS2_32.dll
0x00007ffad9410000 - 0x00007ffad9433000 	C:\Windows\SYSTEM32\WINMM.dll
0x00007ffad5740000 - 0x00007ffad574a000 	C:\Windows\SYSTEM32\VERSION.dll
0x00007ffad9300000 - 0x00007ffad932a000 	C:\Windows\SYSTEM32\WINMMBASE.dll
0x00007ffadc7e0000 - 0x00007ffadc82a000 	C:\Windows\System32\cfgmgr32.dll
0x0000000052770000 - 0x000000005277f000 	C:\Program Files\Java\jdk1.8.0_161\jre\bin\verify.dll
0x0000000052740000 - 0x0000000052769000 	C:\Program Files\Java\jdk1.8.0_161\jre\bin\java.dll
0x0000000052720000 - 0x0000000052736000 	C:\Program Files\Java\jdk1.8.0_161\jre\bin\zip.dll

VM Arguments:
jvm_args: -Dlog4j.configuration=file:/C:/Users/Nat/AppData/Local/Temp/log4j670599701163707623config.properties -Xmx64m 
java_command: net.sourceforge.cobertura.instrument.InstrumentMain --commandsfile C:\Users\Nat\AppData\Local\Temp\cobertura.1041742352800416487.cmdline
java_class_path (initial): D:\UFG\chernobyl\target\generated-classes\cobertura;C:\Users\Nat\.m2\repository\org\codehaus\mojo\cobertura-maven-plugin\2.7\cobertura-maven-plugin-2.7.jar;C:\Users\Nat\.m2\repository\net\sourceforge\cobertura\cobertura\2.1.1\cobertura-2.1.1.jar;C:\Users\Nat\.m2\repository\org\ow2\asm\asm\5.0.1\asm-5.0.1.jar;C:\Users\Nat\.m2\repository\org\ow2\asm\asm-tree\5.0.1\asm-tree-5.0.1.jar;C:\Users\Nat\.m2\repository\org\ow2\asm\asm-commons\5.0.1\asm-commons-5.0.1.jar;C:\Users\Nat\.m2\repository\org\ow2\asm\asm-util\5.0.1\asm-util-5.0.1.jar;C:\Users\Nat\.m2\repository\org\ow2\asm\asm-analysis\5.0.1\asm-analysis-5.0.1.jar;C:\Users\Nat\.m2\repository\oro\oro\2.0.8\oro-2.0.8.jar;C:\Users\Nat\.m2\repository\org\apache\ant\ant\1.8.3\ant-1.8.3.jar;C:\Users\Nat\.m2\repository\org\apache\ant\ant-launcher\1.8.3\ant-launcher-1.8.3.jar;C:\Users\Nat\.m2\repository\org\apache\ant\ant-junit\1.8.3\ant-junit-1.8.3.jar;C:\Users\Nat\.m2\repository\org\mortbay\jetty\servlet-api-2.5\6.1.14\servlet-api-2.5-6.1.14.jar;C:\Users\Nat\.m2\repository\org\mortbay\jetty\jetty\6.1.14\jetty-6.1.14.jar;C:\Users\Nat\.m2\repository\org\mortbay\jetty\jetty-util\6.1.14\jetty-util-6.1.14.jar;C:\Program Files\Java\jdk1.8.0_161\lib\tools.jar;C:\Users\Nat\.m2\repository\org\slf4j\slf4j-api\1.7.5\slf4j-api-1.7.5.jar;C:\Users\Nat\.m2\repository\ch\qos\logback\logback-classic\1.0.13\logback-classic-1.0.13.jar;C:\Users\Nat\.m2\repository\ch\qos\logback\logback-core\1.0.13\logback-core-1.0.13.jar;C:\Users\Nat\.m2\repository\org\apache\commons\commons-lang3\3.3.2\commons-lang3-3.3.2.jar;C:\Users\Nat\.m2\repository\xerces\xercesImpl\2.11.0\xercesImpl-2.11.0.jar;C:\Users\Nat\.m2\repository\xml-apis\xml-apis\1.4.01\xml-apis-1.4.01.jar;C:\Users\Nat\.m2\repository\jaxen\jaxen\1.1.4\jaxen-1.1.4.jar;C:\Users\Nat\.m2\repository\org\jdom\jdom\1.1.3\jdom-1.1.3.jar;C:\Users\Nat\.m2\repository\net\sourceforge\cobertura\cobertura-runtime\2.1.1\cobertura-runtime-2.1.1.pom;C:\Users\Nat\.m2\repository\urban
Launcher Type: SUN_STANDARD

Environment Variables:
JAVA_HOME=C:\Program Files\Java\jdk1.8.0_161
PATH=C:\ProgramData\Oracle\Java\javapath;C:\Windows\system32;C:\Windows;C:\Windows\System32\Wbem;C:\Windows\System32\WindowsPowerShell\v1.0\;C:\Program Files\Git\cmd;C:\Program Files\Microsoft SQL Server\120\DTS\Binn\;C:\Program Files\Microsoft SQL Server\Client SDK\ODBC\110\Tools\Binn\;C:\Program Files (x86)\Microsoft SQL Server\120\Tools\Binn\;C:\Program Files\Microsoft SQL Server\120\Tools\Binn\;C:\Program Files (x86)\Microsoft SQL Server\120\Tools\Binn\ManagementStudio\;C:\Program Files (x86)\Microsoft SQL Server\120\DTS\Binn\;C:\Users\Nat\.dnx\bin;C:\Program Files\Microsoft DNX\Dnvm\;C:\Program Files\Microsoft SQL Server\130\Tools\Binn\;C:\Program Files\nodejs\;C:\gradle-6.0\bin;C:\Program Files\Java\jdk1.8.0_161\bin;C:\apache-maven-3.6.3\bin;C:\Users\Nat\AppData\Local\Microsoft\WindowsApps;C:\Users\Nat\AppData\Local\Programs\Microsoft VS Code\bin;C:\Users\Nat\AppData\Roaming\npm;C:\Users\Nat\AppData\Roaming\npm\node_modules\@angular\cli\bin;
USERNAME=Nat
OS=Windows_NT
PROCESSOR_IDENTIFIER=Intel64 Family 6 Model 142 Stepping 9, GenuineIntel



---------------  S Y S T E M  ---------------

OS: Windows 10.0 , 64 bit Build 16299 (10.0.16299.15)

CPU:total 4 (initial active 4) (2 cores per cpu, 2 threads per core) family 6 model 142 stepping 9, cmov, cx8, fxsr, mmx, sse, sse2, sse3, ssse3, sse4.1, sse4.2, popcnt, avx, avx2, aes, clmul, erms, 3dnowpref, lzcnt, ht, tsc, tscinvbit, bmi1, bmi2, adx

Memory: 4k page, physical 8260324k(1245744k free), swap 8260324k(5868k free)

vm_info: Java HotSpot(TM) 64-Bit Server VM (25.161-b12) for windows-amd64 JRE (1.8.0_161-b12), built on Dec 19 2017 17:52:25 by "java_re" with MS VC++ 10.0 (VS2010)

time: Sun Dec 08 18:04:44 2019
elapsed time: 0 seconds (0d 0h 0m 0s)

